<?xml version="1.0" encoding="UTF-8"?>
<testng-results skipped="0" failed="0" ignored="0" total="1" passed="1">
  <reporter-output>
  </reporter-output>
  <suite name="Suite" duration-ms="49098" started-at="2020-06-05T11:27:00Z" finished-at="2020-06-05T11:27:50Z">
    <groups>
    </groups>
    <test name="Test" duration-ms="49098" started-at="2020-06-05T11:27:00Z" finished-at="2020-06-05T11:27:50Z">
      <class name="com.test.Pages.TestNGMethods3">
        <test-method status="PASS" signature="Method()[pri:0, instance:com.test.Pages.TestNGMethods3@68be2bc2]" name="Method" duration-ms="48818" started-at="2020-06-05T11:27:01Z" finished-at="2020-06-05T11:27:50Z">
          <reporter-output>
          </reporter-output>
        </test-method> <!-- Method -->
      </class> <!-- com.test.Pages.TestNGMethods3 -->
    </test> <!-- Test -->
  </suite> <!-- Suite -->
</testng-results>
