<?xml version="1.0" encoding="UTF-8"?>
<testng-results skipped="0" failed="0" ignored="0" total="2" passed="2">
  <reporter-output>
  </reporter-output>
  <suite name="Default suite" duration-ms="5197" started-at="2020-06-05T07:06:15Z" finished-at="2020-06-05T07:06:20Z">
    <groups>
    </groups>
    <test name="Default test" duration-ms="5197" started-at="2020-06-05T07:06:15Z" finished-at="2020-06-05T07:06:20Z">
      <class name="com.test.Pages.TestNGMethods2">
        <test-method status="PASS" signature="Test1()[pri:0, instance:com.test.Pages.TestNGMethods2@a67c67e]" name="Test1" duration-ms="48" started-at="2020-06-05T07:06:15Z" finished-at="2020-06-05T07:06:15Z">
          <reporter-output>
          </reporter-output>
        </test-method> <!-- Test1 -->
        <test-method status="PASS" signature="doGetRequest()[pri:0, instance:com.test.Pages.TestNGMethods2@a67c67e]" name="doGetRequest" duration-ms="5099" started-at="2020-06-05T07:06:15Z" finished-at="2020-06-05T07:06:20Z">
          <reporter-output>
          </reporter-output>
        </test-method> <!-- doGetRequest -->
      </class> <!-- com.test.Pages.TestNGMethods2 -->
    </test> <!-- Default test -->
  </suite> <!-- Default suite -->
</testng-results>
